android/app/build/outputs/logs/manifest-merger-debug-report.txt
-- Merging decision tree log ---
manifest
ADDED from src/main/AndroidManifest.xml:1:1-3:12
INJECTED from src/main/AndroidManifest.xml:1:1-3:12
INJECTED from src/main/AndroidManifest.xml:1:1-3:12
INJECTED from src/main/AndroidManifest.xml:1:1-3:12
MERGED from src/main/AndroidManifest.xml:1:1-3:12
MERGED from [com.facebook.react:react-native:0.20.1] AndroidManifest.xml:2:1-15:12
MERGED from [com.facebook.fresco:fresco:0.8.1] AndroidManifest.xml:2:1-9:12
MERGED from [org.webkit:android-jsc:r174650] AndroidManifest.xml:1:1-3:12
MERGED from [com.facebook.fresco:imagepipeline-okhttp:0.8.1] AndroidManifest.xml:2:1-9:12
MERGED from [com.android.support:recyclerview-v7:23.0.1] AndroidManifest.xml:17:1-22:12
MERGED from [com.android.support:appcompat-v7:23.0.1] AndroidManifest.xml:17:1-24:12
MERGED from [com.facebook.fresco:imagepipeline:0.8.1] AndroidManifest.xml:2:1-9:12
MERGED from [com.facebook.fresco:drawee:0.8.1] AndroidManifest.xml:2:1-9:12
MERGED from [com.facebook.fresco:fbcore:0.8.1] AndroidManifest.xml:2:1-9:12
MERGED from [com.android.support:support-v4:23.0.1] AndroidManifest.xml:17:1-24:12
INJECTED from src/debug/AndroidManifest.xml:2:1-8:12
INJECTED from src/debug/AndroidManifest.xml:2:1-8:12
INJECTED from src/debug/AndroidManifest.xml:2:1-8:12
	package
		ADDED from src/main/AndroidManifest.xml:2:3-28
		INJECTED from src/main/AndroidManifest.xml
		ADDED from src/main/AndroidManifest.xml:2:3-28
		INJECTED from src/debug/AndroidManifest.xml
	android:versionName
		INJECTED from src/main/AndroidManifest.xml
		ADDED from src/main/AndroidManifest.xml:1:1-3:12
		INJECTED from src/debug/AndroidManifest.xml
	xmlns:tools
		ADDED from src/debug/AndroidManifest.xml:3:5-51
	android:versionCode
		INJECTED from src/main/AndroidManifest.xml
		ADDED from src/main/AndroidManifest.xml:1:1-3:12
		INJECTED from src/debug/AndroidManifest.xml
	xmlns:android
		ADDED from src/main/AndroidManifest.xml:1:11-69
uses-sdk
INJECTED from src/main/AndroidManifest.xml reason: use-sdk injection requested
INJECTED from src/main/AndroidManifest.xml
INJECTED from src/main/AndroidManifest.xml
MERGED from [com.facebook.react:react-native:0.20.1] AndroidManifest.xml:7:5-9:41
MERGED from [com.facebook.react:react-native:0.20.1] AndroidManifest.xml:7:5-9:41
MERGED from [com.facebook.fresco:fresco:0.8.1] AndroidManifest.xml:5:5-7:41
MERGED from [com.facebook.fresco:fresco:0.8.1] AndroidManifest.xml:5:5-7:41
MERGED from [com.facebook.fresco:imagepipeline-okhttp:0.8.1] AndroidManifest.xml:5:5-7:41
MERGED from [com.facebook.fresco:imagepipeline-okhttp:0.8.1] AndroidManifest.xml:5:5-7:41
MERGED from [com.android.support:recyclerview-v7:23.0.1] AndroidManifest.xml:20:5-43
MERGED from [com.android.support:recyclerview-v7:23.0.1] AndroidManifest.xml:20:5-43
MERGED from [com.android.support:appcompat-v7:23.0.1] AndroidManifest.xml:20:5-43
MERGED from [com.android.support:appcompat-v7:23.0.1] AndroidManifest.xml:20:5-43
MERGED from [com.facebook.fresco:imagepipeline:0.8.1] AndroidManifest.xml:5:5-7:41
MERGED from [com.facebook.fresco:imagepipeline:0.8.1] AndroidManifest.xml:5:5-7:41
MERGED from [com.facebook.fresco:drawee:0.8.1] AndroidManifest.xml:5:5-7:41
MERGED from [com.facebook.fresco:drawee:0.8.1] AndroidManifest.xml:5:5-7:41
MERGED from [com.facebook.fresco:fbcore:0.8.1] AndroidManifest.xml:5:5-7:41
MERGED from [com.facebook.fresco:fbcore:0.8.1] AndroidManifest.xml:5:5-7:41
MERGED from [com.android.support:support-v4:23.0.1] AndroidManifest.xml:20:5-43
MERGED from [com.android.support:support-v4:23.0.1] AndroidManifest.xml:20:5-43
INJECTED from src/debug/AndroidManifest.xml
INJECTED from src/debug/AndroidManifest.xml
	android:targetSdkVersion
		INJECTED from src/main/AndroidManifest.xml
		INJECTED from src/debug/AndroidManifest.xml
	android:minSdkVersion
		INJECTED from src/main/AndroidManifest.xml
		INJECTED from src/debug/AndroidManifest.xml
uses-permission#android.permission.SYSTEM_ALERT_WINDOW
ADDED from src/debug/AndroidManifest.xml:5:5-77
MERGED from [com.facebook.react:react-native:0.20.1] AndroidManifest.xml:11:5-78
MERGED from [com.facebook.react:react-native:0.20.1] AndroidManifest.xml:11:5-78
	android:name
		ADDED from src/debug/AndroidManifest.xml:5:22-75
application
ADDED from src/debug/AndroidManifest.xml:7:5-117
MERGED from [com.facebook.react:react-native:0.20.1] AndroidManifest.xml:13:5-20
MERGED from [com.facebook.react:react-native:0.20.1] AndroidManifest.xml:13:5-20
MERGED from [org.webkit:android-jsc:r174650] AndroidManifest.xml:2:3-17
MERGED from [org.webkit:android-jsc:r174650] AndroidManifest.xml:2:3-17
MERGED from [com.android.support:appcompat-v7:23.0.1] AndroidManifest.xml:22:5-20
MERGED from [com.android.support:appcompat-v7:23.0.1] AndroidManifest.xml:22:5-20
MERGED from [com.android.support:support-v4:23.0.1] AndroidManifest.xml:22:5-20
MERGED from [com.android.support:support-v4:23.0.1] AndroidManifest.xml:22:5-20
	tools:ignore
		ADDED from src/debug/AndroidManifest.xml:7:75-114
	tools:targetApi
		ADDED from src/debug/AndroidManifest.xml:7:54-74
	android:usesCleartextTraffic
		ADDED from src/debug/AndroidManifest.xml:7:18-53
uses-permission#android.permission.WRITE_EXTERNAL_STORAGE
IMPLIED from src/debug/AndroidManifest.xml:2:1-8:12 reason: org.webkit.android_jsc has a targetSdkVersion < 4
uses-permission#android.permission.READ_PHONE_STATE
IMPLIED from src/debug/AndroidManifest.xml:2:1-8:12 reason: org.webkit.android_jsc has a targetSdkVersion < 4
uses-permission#android.permission.READ_EXTERNAL_STORAGE
IMPLIED from src/debug/AndroidManifest.xml:2:1-8:12 reason: org.webkit.android_jsc requested WRITE_EXTERNAL_STORAGE